CRITICAL - 2023-09-21 12:13:01 --> Class "App\Controllers\App\Models\ProductModel" not found
in APPPATH\Controllers\MainController.php on line 12.
 1 SYSTEMPATH\CodeIgniter.php(891): App\Controllers\MainController->__construct()
 2 SYSTEMPATH\CodeIgniter.php(485): CodeIgniter\CodeIgniter->createController()
 3 SYSTEMPATH\CodeIgniter.php(353): CodeIgniter\CodeIgniter->handleRequest(null, Object(Config\Cache), false)
 4 FCPATH\index.php(79): CodeIgniter\CodeIgniter->run()
 5 SYSTEMPATH\Commands\Server\rewrite.php(47): require_once('C:\\laragon\\www\\ProductListing\\public\\index.php')
CRITICAL - 2023-09-21 12:13:40 --> Class "App\Controllers\App\Models\ProductModel" not found
in APPPATH\Controllers\MainController.php on line 12.
 1 SYSTEMPATH\CodeIgniter.php(891): App\Controllers\MainController->__construct()
 2 SYSTEMPATH\CodeIgniter.php(485): CodeIgniter\CodeIgniter->createController()
 3 SYSTEMPATH\CodeIgniter.php(353): CodeIgniter\CodeIgniter->handleRequest(null, Object(Config\Cache), false)
 4 FCPATH\index.php(79): CodeIgniter\CodeIgniter->run()
 5 SYSTEMPATH\Commands\Server\rewrite.php(47): require_once('C:\\laragon\\www\\ProductListing\\public\\index.php')
CRITICAL - 2023-09-21 12:15:58 --> Class "App\Controllers\App\Models\ProductModel" not found
in APPPATH\Controllers\MainController.php on line 15.
 1 SYSTEMPATH\CodeIgniter.php(891): App\Controllers\MainController->__construct()
 2 SYSTEMPATH\CodeIgniter.php(485): CodeIgniter\CodeIgniter->createController()
 3 SYSTEMPATH\CodeIgniter.php(353): CodeIgniter\CodeIgniter->handleRequest(null, Object(Config\Cache), false)
 4 FCPATH\index.php(79): CodeIgniter\CodeIgniter->run()
 5 SYSTEMPATH\Commands\Server\rewrite.php(47): require_once('C:\\laragon\\www\\ProductListing\\public\\index.php')
CRITICAL - 2023-09-21 12:19:15 --> Undefined variable $products
in APPPATH\Views\index.php on line 47.
 1 APPPATH\Views\index.php(47): CodeIgniter\Debug\Exceptions->errorHandler(2, 'Undefined variable $products', 'C:\\laragon\\www\\ProductListing\\app\\Views\\index.php', 47)
 2 SYSTEMPATH\View\View.php(226): include('C:\\laragon\\www\\ProductListing\\app\\Views\\index.php')
 3 SYSTEMPATH\View\View.php(229): CodeIgniter\View\View->CodeIgniter\View\{closure}()
 4 SYSTEMPATH\Common.php(1188): CodeIgniter\View\View->render('index', [], true)
 5 APPPATH\Controllers\MainController.php(21): view('index')
 6 SYSTEMPATH\CodeIgniter.php(919): App\Controllers\MainController->index()
 7 SYSTEMPATH\CodeIgniter.php(494): CodeIgniter\CodeIgniter->runController(Object(App\Controllers\MainController))
 8 SYSTEMPATH\CodeIgniter.php(353): CodeIgniter\CodeIgniter->handleRequest(null, Object(Config\Cache), false)
 9 FCPATH\index.php(79): CodeIgniter\CodeIgniter->run()
10 SYSTEMPATH\Commands\Server\rewrite.php(47): require_once('C:\\laragon\\www\\ProductListing\\public\\index.php')
CRITICAL - 2023-09-21 12:20:04 --> Undefined variable $products
in APPPATH\Views\index.php on line 47.
 1 APPPATH\Views\index.php(47): CodeIgniter\Debug\Exceptions->errorHandler(2, 'Undefined variable $products', 'C:\\laragon\\www\\ProductListing\\app\\Views\\index.php', 47)
 2 SYSTEMPATH\View\View.php(226): include('C:\\laragon\\www\\ProductListing\\app\\Views\\index.php')
 3 SYSTEMPATH\View\View.php(229): CodeIgniter\View\View->CodeIgniter\View\{closure}()
 4 SYSTEMPATH\Common.php(1188): CodeIgniter\View\View->render('index', [], true)
 5 APPPATH\Controllers\MainController.php(22): view('index', [...])
 6 SYSTEMPATH\CodeIgniter.php(919): App\Controllers\MainController->index()
 7 SYSTEMPATH\CodeIgniter.php(494): CodeIgniter\CodeIgniter->runController(Object(App\Controllers\MainController))
 8 SYSTEMPATH\CodeIgniter.php(353): CodeIgniter\CodeIgniter->handleRequest(null, Object(Config\Cache), false)
 9 FCPATH\index.php(79): CodeIgniter\CodeIgniter->run()
10 SYSTEMPATH\Commands\Server\rewrite.php(47): require_once('C:\\laragon\\www\\ProductListing\\public\\index.php')
CRITICAL - 2023-09-21 12:20:20 --> Undefined array key "upc"
in APPPATH\Views\index.php on line 49.
 1 APPPATH\Views\index.php(49): CodeIgniter\Debug\Exceptions->errorHandler(2, 'Undefined array key "upc"', 'C:\\laragon\\www\\ProductListing\\app\\Views\\index.php', 49)
 2 SYSTEMPATH\View\View.php(226): include('C:\\laragon\\www\\ProductListing\\app\\Views\\index.php')
 3 SYSTEMPATH\View\View.php(229): CodeIgniter\View\View->CodeIgniter\View\{closure}()
 4 SYSTEMPATH\Common.php(1188): CodeIgniter\View\View->render('index', [], true)
 5 APPPATH\Controllers\MainController.php(22): view('index', [...])
 6 SYSTEMPATH\CodeIgniter.php(919): App\Controllers\MainController->index()
 7 SYSTEMPATH\CodeIgniter.php(494): CodeIgniter\CodeIgniter->runController(Object(App\Controllers\MainController))
 8 SYSTEMPATH\CodeIgniter.php(353): CodeIgniter\CodeIgniter->handleRequest(null, Object(Config\Cache), false)
 9 FCPATH\index.php(79): CodeIgniter\CodeIgniter->run()
10 SYSTEMPATH\Commands\Server\rewrite.php(47): require_once('C:\\laragon\\www\\ProductListing\\public\\index.php')
CRITICAL - 2023-09-21 12:20:22 --> Undefined array key "upc"
in APPPATH\Views\index.php on line 49.
 1 APPPATH\Views\index.php(49): CodeIgniter\Debug\Exceptions->errorHandler(2, 'Undefined array key "upc"', 'C:\\laragon\\www\\ProductListing\\app\\Views\\index.php', 49)
 2 SYSTEMPATH\View\View.php(226): include('C:\\laragon\\www\\ProductListing\\app\\Views\\index.php')
 3 SYSTEMPATH\View\View.php(229): CodeIgniter\View\View->CodeIgniter\View\{closure}()
 4 SYSTEMPATH\Common.php(1188): CodeIgniter\View\View->render('index', [], true)
 5 APPPATH\Controllers\MainController.php(22): view('index', [...])
 6 SYSTEMPATH\CodeIgniter.php(919): App\Controllers\MainController->index()
 7 SYSTEMPATH\CodeIgniter.php(494): CodeIgniter\CodeIgniter->runController(Object(App\Controllers\MainController))
 8 SYSTEMPATH\CodeIgniter.php(353): CodeIgniter\CodeIgniter->handleRequest(null, Object(Config\Cache), false)
 9 FCPATH\index.php(79): CodeIgniter\CodeIgniter->run()
10 SYSTEMPATH\Commands\Server\rewrite.php(47): require_once('C:\\laragon\\www\\ProductListing\\public\\index.php')
CRITICAL - 2023-09-21 12:20:22 --> Undefined array key "upc"
in APPPATH\Views\index.php on line 49.
 1 APPPATH\Views\index.php(49): CodeIgniter\Debug\Exceptions->errorHandler(2, 'Undefined array key "upc"', 'C:\\laragon\\www\\ProductListing\\app\\Views\\index.php', 49)
 2 SYSTEMPATH\View\View.php(226): include('C:\\laragon\\www\\ProductListing\\app\\Views\\index.php')
 3 SYSTEMPATH\View\View.php(229): CodeIgniter\View\View->CodeIgniter\View\{closure}()
 4 SYSTEMPATH\Common.php(1188): CodeIgniter\View\View->render('index', [], true)
 5 APPPATH\Controllers\MainController.php(22): view('index', [...])
 6 SYSTEMPATH\CodeIgniter.php(919): App\Controllers\MainController->index()
 7 SYSTEMPATH\CodeIgniter.php(494): CodeIgniter\CodeIgniter->runController(Object(App\Controllers\MainController))
 8 SYSTEMPATH\CodeIgniter.php(353): CodeIgniter\CodeIgniter->handleRequest(null, Object(Config\Cache), false)
 9 FCPATH\index.php(79): CodeIgniter\CodeIgniter->run()
10 SYSTEMPATH\Commands\Server\rewrite.php(47): require_once('C:\\laragon\\www\\ProductListing\\public\\index.php')
CRITICAL - 2023-09-21 12:20:23 --> Undefined array key "upc"
in APPPATH\Views\index.php on line 49.
 1 APPPATH\Views\index.php(49): CodeIgniter\Debug\Exceptions->errorHandler(2, 'Undefined array key "upc"', 'C:\\laragon\\www\\ProductListing\\app\\Views\\index.php', 49)
 2 SYSTEMPATH\View\View.php(226): include('C:\\laragon\\www\\ProductListing\\app\\Views\\index.php')
 3 SYSTEMPATH\View\View.php(229): CodeIgniter\View\View->CodeIgniter\View\{closure}()
 4 SYSTEMPATH\Common.php(1188): CodeIgniter\View\View->render('index', [], true)
 5 APPPATH\Controllers\MainController.php(22): view('index', [...])
 6 SYSTEMPATH\CodeIgniter.php(919): App\Controllers\MainController->index()
 7 SYSTEMPATH\CodeIgniter.php(494): CodeIgniter\CodeIgniter->runController(Object(App\Controllers\MainController))
 8 SYSTEMPATH\CodeIgniter.php(353): CodeIgniter\CodeIgniter->handleRequest(null, Object(Config\Cache), false)
 9 FCPATH\index.php(79): CodeIgniter\CodeIgniter->run()
10 SYSTEMPATH\Commands\Server\rewrite.php(47): require_once('C:\\laragon\\www\\ProductListing\\public\\index.php')
CRITICAL - 2023-09-21 12:20:24 --> Undefined array key "upc"
in APPPATH\Views\index.php on line 49.
 1 APPPATH\Views\index.php(49): CodeIgniter\Debug\Exceptions->errorHandler(2, 'Undefined array key "upc"', 'C:\\laragon\\www\\ProductListing\\app\\Views\\index.php', 49)
 2 SYSTEMPATH\View\View.php(226): include('C:\\laragon\\www\\ProductListing\\app\\Views\\index.php')
 3 SYSTEMPATH\View\View.php(229): CodeIgniter\View\View->CodeIgniter\View\{closure}()
 4 SYSTEMPATH\Common.php(1188): CodeIgniter\View\View->render('index', [], true)
 5 APPPATH\Controllers\MainController.php(22): view('index', [...])
 6 SYSTEMPATH\CodeIgniter.php(919): App\Controllers\MainController->index()
 7 SYSTEMPATH\CodeIgniter.php(494): CodeIgniter\CodeIgniter->runController(Object(App\Controllers\MainController))
 8 SYSTEMPATH\CodeIgniter.php(353): CodeIgniter\CodeIgniter->handleRequest(null, Object(Config\Cache), false)
 9 FCPATH\index.php(79): CodeIgniter\CodeIgniter->run()
10 SYSTEMPATH\Commands\Server\rewrite.php(47): require_once('C:\\laragon\\www\\ProductListing\\public\\index.php')
CRITICAL - 2023-09-21 12:20:49 --> Undefined array key "id"
in APPPATH\Views\index.php on line 51.
 1 APPPATH\Views\index.php(51): CodeIgniter\Debug\Exceptions->errorHandler(2, 'Undefined array key "id"', 'C:\\laragon\\www\\ProductListing\\app\\Views\\index.php', 51)
 2 SYSTEMPATH\View\View.php(226): include('C:\\laragon\\www\\ProductListing\\app\\Views\\index.php')
 3 SYSTEMPATH\View\View.php(229): CodeIgniter\View\View->CodeIgniter\View\{closure}()
 4 SYSTEMPATH\Common.php(1188): CodeIgniter\View\View->render('index', [], true)
 5 APPPATH\Controllers\MainController.php(22): view('index', [...])
 6 SYSTEMPATH\CodeIgniter.php(919): App\Controllers\MainController->index()
 7 SYSTEMPATH\CodeIgniter.php(494): CodeIgniter\CodeIgniter->runController(Object(App\Controllers\MainController))
 8 SYSTEMPATH\CodeIgniter.php(353): CodeIgniter\CodeIgniter->handleRequest(null, Object(Config\Cache), false)
 9 FCPATH\index.php(79): CodeIgniter\CodeIgniter->run()
10 SYSTEMPATH\Commands\Server\rewrite.php(47): require_once('C:\\laragon\\www\\ProductListing\\public\\index.php')
CRITICAL - 2023-09-21 12:44:17 --> Undefined array key "category_id"
in APPPATH\Views\index.php on line 40.
 1 APPPATH\Views\index.php(40): CodeIgniter\Debug\Exceptions->errorHandler(2, 'Undefined array key "category_id"', 'C:\\laragon\\www\\ProductListing\\app\\Views\\index.php', 40)
 2 SYSTEMPATH\View\View.php(226): include('C:\\laragon\\www\\ProductListing\\app\\Views\\index.php')
 3 SYSTEMPATH\View\View.php(229): CodeIgniter\View\View->CodeIgniter\View\{closure}()
 4 SYSTEMPATH\Common.php(1188): CodeIgniter\View\View->render('index', [], true)
 5 APPPATH\Controllers\MainController.php(23): view('index', [...])
 6 SYSTEMPATH\CodeIgniter.php(919): App\Controllers\MainController->index()
 7 SYSTEMPATH\CodeIgniter.php(494): CodeIgniter\CodeIgniter->runController(Object(App\Controllers\MainController))
 8 SYSTEMPATH\CodeIgniter.php(353): CodeIgniter\CodeIgniter->handleRequest(null, Object(Config\Cache), false)
 9 FCPATH\index.php(79): CodeIgniter\CodeIgniter->run()
10 SYSTEMPATH\Commands\Server\rewrite.php(47): require_once('C:\\laragon\\www\\ProductListing\\public\\index.php')
